Added Component: Designator=C1(CAP-A)
Added Component: Designator=C2(0603)
Added Component: Designator=C3(0603)
Added Component: Designator=C4(0603)
Added Component: Designator=C5(0603)
Added Component: Designator=C6(0603)
Added Component: Designator=C7(0603)
Added Component: Designator=C8(CAP-A)
Added Component: Designator=C9(0603)
Added Component: Designator=C10(0603)
Added Component: Designator=C11(0603)
Added Component: Designator=C12(0603)
Added Component: Designator=C13(0603)
Added Component: Designator=C14(0603)
Added Component: Designator=C15(0603)
Added Component: Designator=C16(0603)
Added Component: Designator=C17(CAP-B)
Added Component: Designator=C18(0603)
Added Component: Designator=C19(CAP-B)
Added Component: Designator=C20(0603)
Added Component: Designator=C21(0603)
Added Component: Designator=C22(0603)
Added Component: Designator=C23(0603)
Added Component: Designator=CON0(DB-9RA/F)
Added Component: Designator=CON1(DB-9RA/F)
Added Component: Designator=JP1(USB_MINIB_SMT)
Added Component: Designator=LCD(HDR2X12)
Added Component: Designator=LED1(LED_0603_BLUE)
Added Component: Designator=LED2(LED_0603_BLUE)
Added Component: Designator=LED3(LED_0603_BLUE)
Added Component: Designator=LED4(LED_0603_BLUE)
Added Component: Designator=P0(HDR1X4)
Added Component: Designator=P1(HDR2X11)
Added Component: Designator=P2(HDR2X11)
Added Component: Designator=P3(HDR2X11)
Added Component: Designator=P4(HDR2X11)
Added Component: Designator=R11(0603)
Added Component: Designator=R12(0603)
Added Component: Designator=R13(0603)
Added Component: Designator=R14(0603)
Added Component: Designator=R15(0603)
Added Component: Designator=R16(0603)
Added Component: Designator=RST1(KEY-6A)
Added Component: Designator=U1(TQFP-100)
Added Component: Designator=U2(ZZ311)
Added Component: Designator=U4(NSO16)
Added Component: Designator=UART1.P2(HDR1X4)
Added Component: Designator=UART2&3.P3(HDR2X4)
Added Component: Designator=VDD3.3(LED_0603_BLUE)
Added Component: Designator=Y1(XTAL-D)
Added Component: Designator=Y2(CRY-32)
Added Pin To Net: NetName=5V Pin=C16-1
Added Pin To Net: NetName=5V Pin=C17-1
Added Pin To Net: NetName=5V Pin=C23-2
Added Pin To Net: NetName=5V Pin=JP1-1
Added Pin To Net: NetName=5V Pin=U2-3
Added Pin To Net: NetName=5V Pin=U4-16
Added Net: Name=5V
Added Pin To Net: NetName=AGND Pin=C8-2
Added Pin To Net: NetName=AGND Pin=C9-2
Added Pin To Net: NetName=AGND Pin=C10-2
Added Pin To Net: NetName=AGND Pin=U1-11
Added Pin To Net: NetName=AGND Pin=U1-15
Added Net: Name=AGND
Added Pin To Net: NetName=DGND Pin=C1-2
Added Pin To Net: NetName=DGND Pin=C2-2
Added Pin To Net: NetName=DGND Pin=C3-2
Added Pin To Net: NetName=DGND Pin=C4-2
Added Pin To Net: NetName=DGND Pin=C5-2
Added Pin To Net: NetName=DGND Pin=C6-2
Added Pin To Net: NetName=DGND Pin=C7-2
Added Pin To Net: NetName=DGND Pin=C11-1
Added Pin To Net: NetName=DGND Pin=C12-1
Added Pin To Net: NetName=DGND Pin=C13-1
Added Pin To Net: NetName=DGND Pin=C14-1
Added Pin To Net: NetName=DGND Pin=C15-2
Added Pin To Net: NetName=DGND Pin=C16-2
Added Pin To Net: NetName=DGND Pin=C17-2
Added Pin To Net: NetName=DGND Pin=C18-2
Added Pin To Net: NetName=DGND Pin=C19-2
Added Pin To Net: NetName=DGND Pin=C22-2
Added Pin To Net: NetName=DGND Pin=CON0-5
Added Pin To Net: NetName=DGND Pin=CON1-5
Added Pin To Net: NetName=DGND Pin=JP1-5
Added Pin To Net: NetName=DGND Pin=JP1-6
Added Pin To Net: NetName=DGND Pin=JP1-7
Added Pin To Net: NetName=DGND Pin=JP1-8
Added Pin To Net: NetName=DGND Pin=JP1-9
Added Pin To Net: NetName=DGND Pin=LCD-24
Added Pin To Net: NetName=DGND Pin=P0-4
Added Pin To Net: NetName=DGND Pin=P1-10
Added Pin To Net: NetName=DGND Pin=P1-11
Added Pin To Net: NetName=DGND Pin=P1-15
Added Pin To Net: NetName=DGND Pin=P1-16
Added Pin To Net: NetName=DGND Pin=P1-19
Added Pin To Net: NetName=DGND Pin=P1-20
Added Pin To Net: NetName=DGND Pin=P2-22
Added Pin To Net: NetName=DGND Pin=P3-22
Added Pin To Net: NetName=DGND Pin=P4-22
Added Pin To Net: NetName=DGND Pin=RST1-2
Added Pin To Net: NetName=DGND Pin=RST1-2
Added Pin To Net: NetName=DGND Pin=U1-31
Added Pin To Net: NetName=DGND Pin=U1-41
Added Pin To Net: NetName=DGND Pin=U1-55
Added Pin To Net: NetName=DGND Pin=U1-72
Added Pin To Net: NetName=DGND Pin=U1-83
Added Pin To Net: NetName=DGND Pin=U1-97
Added Pin To Net: NetName=DGND Pin=U2-1
Added Pin To Net: NetName=DGND Pin=U4-15
Added Pin To Net: NetName=DGND Pin=UART1.P2-2
Added Pin To Net: NetName=DGND Pin=UART2&3.P3-3
Added Pin To Net: NetName=DGND Pin=UART2&3.P3-4
Added Pin To Net: NetName=DGND Pin=VDD3.3-2
Added Net: Name=DGND
Added Pin To Net: NetName=NetC20_1 Pin=C20-1
Added Pin To Net: NetName=NetC20_1 Pin=U4-3
Added Net: Name=NetC20_1
Added Pin To Net: NetName=NetC20_2 Pin=C20-2
Added Pin To Net: NetName=NetC20_2 Pin=U4-1
Added Net: Name=NetC20_2
Added Pin To Net: NetName=NetC21_1 Pin=C21-1
Added Pin To Net: NetName=NetC21_1 Pin=U4-5
Added Net: Name=NetC21_1
Added Pin To Net: NetName=NetC21_2 Pin=C21-2
Added Pin To Net: NetName=NetC21_2 Pin=U4-4
Added Net: Name=NetC21_2
Added Pin To Net: NetName=NetC22_1 Pin=C22-1
Added Pin To Net: NetName=NetC22_1 Pin=U4-6
Added Net: Name=NetC22_1
Added Pin To Net: NetName=NetC23_1 Pin=C23-1
Added Pin To Net: NetName=NetC23_1 Pin=U4-2
Added Net: Name=NetC23_1
Added Pin To Net: NetName=NetCON0_2 Pin=CON0-2
Added Pin To Net: NetName=NetCON0_2 Pin=U4-14
Added Net: Name=NetCON0_2
Added Pin To Net: NetName=NetCON0_3 Pin=CON0-3
Added Pin To Net: NetName=NetCON0_3 Pin=U4-13
Added Net: Name=NetCON0_3
Added Pin To Net: NetName=NetCON1_2 Pin=CON1-2
Added Pin To Net: NetName=NetCON1_2 Pin=U4-7
Added Net: Name=NetCON1_2
Added Pin To Net: NetName=NetCON1_3 Pin=CON1-3
Added Pin To Net: NetName=NetCON1_3 Pin=U4-8
Added Net: Name=NetCON1_3
Added Pin To Net: NetName=NetLED1_2 Pin=LED1-2
Added Pin To Net: NetName=NetLED1_2 Pin=R13-1
Added Net: Name=NetLED1_2
Added Pin To Net: NetName=NetLED2_2 Pin=LED2-2
Added Pin To Net: NetName=NetLED2_2 Pin=R14-1
Added Net: Name=NetLED2_2
Added Pin To Net: NetName=NetLED3_2 Pin=LED3-2
Added Pin To Net: NetName=NetLED3_2 Pin=R15-1
Added Net: Name=NetLED3_2
Added Pin To Net: NetName=NetLED4_2 Pin=LED4-2
Added Pin To Net: NetName=NetLED4_2 Pin=R16-1
Added Net: Name=NetLED4_2
Added Pin To Net: NetName=NetR12_2 Pin=R12-2
Added Pin To Net: NetName=NetR12_2 Pin=VDD3.3-1
Added Net: Name=NetR12_2
Added Pin To Net: NetName=NRSTOUT Pin=P1-12
Added Pin To Net: NetName=NRSTOUT Pin=U1-14
Added Net: Name=NRSTOUT
Added Pin To Net: NetName=NRST Pin=C15-1
Added Pin To Net: NetName=NRST Pin=LCD-6
Added Pin To Net: NetName=NRST Pin=P1-13
Added Pin To Net: NetName=NRST Pin=R11-1
Added Pin To Net: NetName=NRST Pin=RST1-1
Added Pin To Net: NetName=NRST Pin=RST1-1
Added Pin To Net: NetName=NRST Pin=U1-17
Added Net: Name=NRST
Added Pin To Net: NetName=P0_0 Pin=P2-17
Added Pin To Net: NetName=P0_0 Pin=U1-46
Added Net: Name=P0_0
Added Pin To Net: NetName=P0_1 Pin=P2-18
Added Pin To Net: NetName=P0_1 Pin=U1-47
Added Net: Name=P0_1
Added Pin To Net: NetName=P0_2 Pin=P4-19
Added Pin To Net: NetName=P0_2 Pin=U1-98
Added Pin To Net: NetName=P0_2 Pin=U4-11
Added Net: Name=P0_2
Added Pin To Net: NetName=P0_3 Pin=P4-20
Added Pin To Net: NetName=P0_3 Pin=U1-99
Added Pin To Net: NetName=P0_3 Pin=U4-12
Added Net: Name=P0_3
Added Pin To Net: NetName=P0_4 Pin=P4-6
Added Pin To Net: NetName=P0_4 Pin=U1-81
Added Net: Name=P0_4
Added Pin To Net: NetName=P0_5 Pin=P4-5
Added Pin To Net: NetName=P0_5 Pin=U1-80
Added Net: Name=P0_5
Added Pin To Net: NetName=P0_6 Pin=LCD-12
Added Pin To Net: NetName=P0_6 Pin=P4-4
Added Pin To Net: NetName=P0_6 Pin=U1-79
Added Net: Name=P0_6
Added Pin To Net: NetName=P0_7 Pin=LCD-18
Added Pin To Net: NetName=P0_7 Pin=P4-3
Added Pin To Net: NetName=P0_7 Pin=U1-78
Added Net: Name=P0_7
Added Pin To Net: NetName=P0_8 Pin=LCD-16
Added Pin To Net: NetName=P0_8 Pin=P4-2
Added Pin To Net: NetName=P0_8 Pin=U1-77
Added Net: Name=P0_8
Added Pin To Net: NetName=P0_9 Pin=LCD-14
Added Pin To Net: NetName=P0_9 Pin=P4-1
Added Pin To Net: NetName=P0_9 Pin=U1-76
Added Net: Name=P0_9
Added Pin To Net: NetName=P0_10 Pin=P2-19
Added Pin To Net: NetName=P0_10 Pin=U1-48
Added Pin To Net: NetName=P0_10 Pin=UART2&3.P3-7
Added Net: Name=P0_10
Added Pin To Net: NetName=P0_11 Pin=P2-20
Added Pin To Net: NetName=P0_11 Pin=U1-49
Added Pin To Net: NetName=P0_11 Pin=UART2&3.P3-5
Added Net: Name=P0_11
Added Pin To Net: NetName=P0_15 Pin=P3-10
Added Pin To Net: NetName=P0_15 Pin=U1-62
Added Pin To Net: NetName=P0_15 Pin=U4-10
Added Pin To Net: NetName=P0_15 Pin=UART1.P2-4
Added Net: Name=P0_15
Added Pin To Net: NetName=P0_16 Pin=P3-11
Added Pin To Net: NetName=P0_16 Pin=U1-63
Added Pin To Net: NetName=P0_16 Pin=U4-9
Added Pin To Net: NetName=P0_16 Pin=UART1.P2-3
Added Net: Name=P0_16
Added Pin To Net: NetName=P0_17 Pin=P3-9
Added Pin To Net: NetName=P0_17 Pin=U1-61
Added Net: Name=P0_17
Added Pin To Net: NetName=P0_18 Pin=P3-8
Added Pin To Net: NetName=P0_18 Pin=U1-60
Added Net: Name=P0_18
Added Pin To Net: NetName=P0_19 Pin=LCD-20
Added Pin To Net: NetName=P0_19 Pin=P3-7
Added Pin To Net: NetName=P0_19 Pin=U1-59
Added Net: Name=P0_19
Added Pin To Net: NetName=P0_20 Pin=LCD-4
Added Pin To Net: NetName=P0_20 Pin=P3-6
Added Pin To Net: NetName=P0_20 Pin=U1-58
Added Net: Name=P0_20
Added Pin To Net: NetName=P0_21 Pin=LCD-2
Added Pin To Net: NetName=P0_21 Pin=P3-5
Added Pin To Net: NetName=P0_21 Pin=U1-57
Added Net: Name=P0_21
Added Pin To Net: NetName=P0_22 Pin=LCD-10
Added Pin To Net: NetName=P0_22 Pin=P3-4
Added Pin To Net: NetName=P0_22 Pin=U1-56
Added Net: Name=P0_22
Added Pin To Net: NetName=P0_23 Pin=LCD-8
Added Pin To Net: NetName=P0_23 Pin=P1-9
Added Pin To Net: NetName=P0_23 Pin=U1-9
Added Net: Name=P0_23
Added Pin To Net: NetName=P0_24 Pin=P1-8
Added Pin To Net: NetName=P0_24 Pin=U1-8
Added Net: Name=P0_24
Added Pin To Net: NetName=P0_25 Pin=P1-7
Added Pin To Net: NetName=P0_25 Pin=U1-7
Added Pin To Net: NetName=P0_25 Pin=UART2&3.P3-8
Added Net: Name=P0_25
Added Pin To Net: NetName=P0_26 Pin=P1-6
Added Pin To Net: NetName=P0_26 Pin=U1-6
Added Pin To Net: NetName=P0_26 Pin=UART2&3.P3-6
Added Net: Name=P0_26
Added Pin To Net: NetName=P0_27 Pin=P1-22
Added Pin To Net: NetName=P0_27 Pin=U1-25
Added Net: Name=P0_27
Added Pin To Net: NetName=P0_28 Pin=P1-21
Added Pin To Net: NetName=P0_28 Pin=U1-24
Added Net: Name=P0_28
Added Pin To Net: NetName=P0_29 Pin=P2-3
Added Pin To Net: NetName=P0_29 Pin=U1-29
Added Net: Name=P0_29
Added Pin To Net: NetName=P0_30 Pin=P2-4
Added Pin To Net: NetName=P0_30 Pin=U1-30
Added Net: Name=P0_30
Added Pin To Net: NetName=P1_0 Pin=P4-18
Added Pin To Net: NetName=P1_0 Pin=U1-95
Added Net: Name=P1_0
Added Pin To Net: NetName=P1_1 Pin=P4-17
Added Pin To Net: NetName=P1_1 Pin=U1-94
Added Net: Name=P1_1
Added Pin To Net: NetName=P1_4 Pin=P4-16
Added Pin To Net: NetName=P1_4 Pin=U1-93
Added Net: Name=P1_4
Added Pin To Net: NetName=P1_8 Pin=P4-15
Added Pin To Net: NetName=P1_8 Pin=U1-92
Added Net: Name=P1_8
Added Pin To Net: NetName=P1_9 Pin=P4-14
Added Pin To Net: NetName=P1_9 Pin=U1-91
Added Net: Name=P1_9
Added Pin To Net: NetName=P1_10 Pin=P4-13
Added Pin To Net: NetName=P1_10 Pin=U1-90
Added Net: Name=P1_10
Added Pin To Net: NetName=P1_14 Pin=P4-12
Added Pin To Net: NetName=P1_14 Pin=U1-89
Added Net: Name=P1_14
Added Pin To Net: NetName=P1_15 Pin=P4-11
Added Pin To Net: NetName=P1_15 Pin=U1-88
Added Net: Name=P1_15
Added Pin To Net: NetName=P1_16 Pin=P4-10
Added Pin To Net: NetName=P1_16 Pin=U1-87
Added Net: Name=P1_16
Added Pin To Net: NetName=P1_17 Pin=P4-9
Added Pin To Net: NetName=P1_17 Pin=U1-86
Added Net: Name=P1_17
Added Pin To Net: NetName=P1_18 Pin=P2-5
Added Pin To Net: NetName=P1_18 Pin=U1-32
Added Net: Name=P1_18
Added Pin To Net: NetName=P1_19 Pin=P2-6
Added Pin To Net: NetName=P1_19 Pin=U1-33
Added Net: Name=P1_19
Added Pin To Net: NetName=P1_20 Pin=P2-7
Added Pin To Net: NetName=P1_20 Pin=U1-34
Added Net: Name=P1_20
Added Pin To Net: NetName=P1_21 Pin=P2-8
Added Pin To Net: NetName=P1_21 Pin=U1-35
Added Net: Name=P1_21
Added Pin To Net: NetName=P1_22 Pin=P2-9
Added Pin To Net: NetName=P1_22 Pin=U1-36
Added Net: Name=P1_22
Added Pin To Net: NetName=P1_23 Pin=LCD-21
Added Pin To Net: NetName=P1_23 Pin=P2-10
Added Pin To Net: NetName=P1_23 Pin=U1-37
Added Net: Name=P1_23
Added Pin To Net: NetName=P1_24 Pin=LCD-19
Added Pin To Net: NetName=P1_24 Pin=P2-11
Added Pin To Net: NetName=P1_24 Pin=U1-38
Added Net: Name=P1_24
Added Pin To Net: NetName=P1_25 Pin=LCD-17
Added Pin To Net: NetName=P1_25 Pin=P2-12
Added Pin To Net: NetName=P1_25 Pin=U1-39
Added Net: Name=P1_25
Added Pin To Net: NetName=P1_26 Pin=P2-13
Added Pin To Net: NetName=P1_26 Pin=U1-40
Added Net: Name=P1_26
Added Pin To Net: NetName=P1_27 Pin=P2-14
Added Pin To Net: NetName=P1_27 Pin=U1-43
Added Net: Name=P1_27
Added Pin To Net: NetName=P1_28 Pin=P2-15
Added Pin To Net: NetName=P1_28 Pin=U1-44
Added Net: Name=P1_28
Added Pin To Net: NetName=P1_29 Pin=P2-16
Added Pin To Net: NetName=P1_29 Pin=U1-45
Added Net: Name=P1_29
Added Pin To Net: NetName=P1_30 Pin=P1-18
Added Pin To Net: NetName=P1_30 Pin=U1-21
Added Net: Name=P1_30
Added Pin To Net: NetName=P1_31 Pin=P1-17
Added Pin To Net: NetName=P1_31 Pin=U1-20
Added Net: Name=P1_31
Added Pin To Net: NetName=P2_0 Pin=LCD-1
Added Pin To Net: NetName=P2_0 Pin=P3-21
Added Pin To Net: NetName=P2_0 Pin=R13-2
Added Pin To Net: NetName=P2_0 Pin=U1-75
Added Net: Name=P2_0
Added Pin To Net: NetName=P2_1 Pin=LCD-3
Added Pin To Net: NetName=P2_1 Pin=P3-20
Added Pin To Net: NetName=P2_1 Pin=R14-2
Added Pin To Net: NetName=P2_1 Pin=U1-74
Added Net: Name=P2_1
Added Pin To Net: NetName=P2_2 Pin=LCD-5
Added Pin To Net: NetName=P2_2 Pin=P3-19
Added Pin To Net: NetName=P2_2 Pin=R15-2
Added Pin To Net: NetName=P2_2 Pin=U1-73
Added Net: Name=P2_2
Added Pin To Net: NetName=P2_3 Pin=LCD-7
Added Pin To Net: NetName=P2_3 Pin=P3-18
Added Pin To Net: NetName=P2_3 Pin=R16-2
Added Pin To Net: NetName=P2_3 Pin=U1-70
Added Net: Name=P2_3
Added Pin To Net: NetName=P2_4 Pin=LCD-9
Added Pin To Net: NetName=P2_4 Pin=P3-17
Added Pin To Net: NetName=P2_4 Pin=U1-69
Added Net: Name=P2_4
Added Pin To Net: NetName=P2_5 Pin=LCD-11
Added Pin To Net: NetName=P2_5 Pin=P3-16
Added Pin To Net: NetName=P2_5 Pin=U1-68
Added Net: Name=P2_5
Added Pin To Net: NetName=P2_6 Pin=LCD-13
Added Pin To Net: NetName=P2_6 Pin=P3-15
Added Pin To Net: NetName=P2_6 Pin=U1-67
Added Net: Name=P2_6
Added Pin To Net: NetName=P2_7 Pin=LCD-15
Added Pin To Net: NetName=P2_7 Pin=P3-14
Added Pin To Net: NetName=P2_7 Pin=U1-66
Added Net: Name=P2_7
Added Pin To Net: NetName=P2_8 Pin=P3-13
Added Pin To Net: NetName=P2_8 Pin=U1-65
Added Net: Name=P2_8
Added Pin To Net: NetName=P2_9 Pin=P3-12
Added Pin To Net: NetName=P2_9 Pin=U1-64
Added Net: Name=P2_9
Added Pin To Net: NetName=P2_10 Pin=P3-3
Added Pin To Net: NetName=P2_10 Pin=U1-53
Added Net: Name=P2_10
Added Pin To Net: NetName=P2_11 Pin=P3-2
Added Pin To Net: NetName=P2_11 Pin=U1-52
Added Net: Name=P2_11
Added Pin To Net: NetName=P2_12 Pin=P3-1
Added Pin To Net: NetName=P2_12 Pin=U1-51
Added Net: Name=P2_12
Added Pin To Net: NetName=P2_13 Pin=P2-21
Added Pin To Net: NetName=P2_13 Pin=U1-50
Added Net: Name=P2_13
Added Pin To Net: NetName=P3_25 Pin=P2-2
Added Pin To Net: NetName=P3_25 Pin=U1-27
Added Net: Name=P3_25
Added Pin To Net: NetName=P3_26 Pin=P2-1
Added Pin To Net: NetName=P3_26 Pin=U1-26
Added Net: Name=P3_26
Added Pin To Net: NetName=P4_28 Pin=P4-7
Added Pin To Net: NetName=P4_28 Pin=U1-82
Added Net: Name=P4_28
Added Pin To Net: NetName=P4_29 Pin=P4-8
Added Pin To Net: NetName=P4_29 Pin=U1-85
Added Net: Name=P4_29
Added Pin To Net: NetName=RTCK1 Pin=C13-2
Added Pin To Net: NetName=RTCK1 Pin=U1-16
Added Pin To Net: NetName=RTCK1 Pin=Y2-2
Added Net: Name=RTCK1
Added Pin To Net: NetName=RTCK2 Pin=C14-2
Added Pin To Net: NetName=RTCK2 Pin=U1-18
Added Pin To Net: NetName=RTCK2 Pin=Y2-1
Added Net: Name=RTCK2
Added Pin To Net: NetName=RTCK Pin=P4-21
Added Pin To Net: NetName=RTCK Pin=U1-100
Added Net: Name=RTCK
Added Pin To Net: NetName=SWDCLK Pin=P0-3
Added Pin To Net: NetName=SWDCLK Pin=P1-5
Added Pin To Net: NetName=SWDCLK Pin=U1-5
Added Net: Name=SWDCLK
Added Pin To Net: NetName=SWDIO Pin=P0-2
Added Pin To Net: NetName=SWDIO Pin=P1-3
Added Pin To Net: NetName=SWDIO Pin=U1-3
Added Net: Name=SWDIO
Added Pin To Net: NetName=TDI Pin=P1-2
Added Pin To Net: NetName=TDI Pin=U1-2
Added Net: Name=TDI
Added Pin To Net: NetName=TDO Pin=P1-1
Added Pin To Net: NetName=TDO Pin=U1-1
Added Net: Name=TDO
Added Pin To Net: NetName=TRST Pin=P1-4
Added Pin To Net: NetName=TRST Pin=U1-4
Added Net: Name=TRST
Added Pin To Net: NetName=VA3.3 Pin=C8-1
Added Pin To Net: NetName=VA3.3 Pin=C9-1
Added Pin To Net: NetName=VA3.3 Pin=U1-10
Added Net: Name=VA3.3
Added Pin To Net: NetName=VBAT Pin=P1-14
Added Pin To Net: NetName=VBAT Pin=U1-19
Added Net: Name=VBAT
Added Pin To Net: NetName=VDD3.3 Pin=C1-1
Added Pin To Net: NetName=VDD3.3 Pin=C2-1
Added Pin To Net: NetName=VDD3.3 Pin=C3-1
Added Pin To Net: NetName=VDD3.3 Pin=C4-1
Added Pin To Net: NetName=VDD3.3 Pin=C5-1
Added Pin To Net: NetName=VDD3.3 Pin=C6-1
Added Pin To Net: NetName=VDD3.3 Pin=C7-1
Added Pin To Net: NetName=VDD3.3 Pin=C18-1
Added Pin To Net: NetName=VDD3.3 Pin=C19-1
Added Pin To Net: NetName=VDD3.3 Pin=LCD-23
Added Pin To Net: NetName=VDD3.3 Pin=LED1-1
Added Pin To Net: NetName=VDD3.3 Pin=LED2-1
Added Pin To Net: NetName=VDD3.3 Pin=LED3-1
Added Pin To Net: NetName=VDD3.3 Pin=LED4-1
Added Pin To Net: NetName=VDD3.3 Pin=P0-1
Added Pin To Net: NetName=VDD3.3 Pin=R11-2
Added Pin To Net: NetName=VDD3.3 Pin=R12-1
Added Pin To Net: NetName=VDD3.3 Pin=U1-28
Added Pin To Net: NetName=VDD3.3 Pin=U1-42
Added Pin To Net: NetName=VDD3.3 Pin=U1-54
Added Pin To Net: NetName=VDD3.3 Pin=U1-71
Added Pin To Net: NetName=VDD3.3 Pin=U1-84
Added Pin To Net: NetName=VDD3.3 Pin=U1-96
Added Pin To Net: NetName=VDD3.3 Pin=U2-2
Added Pin To Net: NetName=VDD3.3 Pin=U2-4
Added Pin To Net: NetName=VDD3.3 Pin=UART1.P2-1
Added Pin To Net: NetName=VDD3.3 Pin=UART2&3.P3-1
Added Pin To Net: NetName=VDD3.3 Pin=UART2&3.P3-2
Added Net: Name=VDD3.3
Added Pin To Net: NetName=VREF Pin=C10-1
Added Pin To Net: NetName=VREF Pin=U1-12
Added Net: Name=VREF
Added Pin To Net: NetName=XTAL1 Pin=C11-2
Added Pin To Net: NetName=XTAL1 Pin=U1-22
Added Pin To Net: NetName=XTAL1 Pin=Y1-2
Added Net: Name=XTAL1
Added Pin To Net: NetName=XTAL2 Pin=C12-2
Added Pin To Net: NetName=XTAL2 Pin=U1-23
Added Pin To Net: NetName=XTAL2 Pin=Y1-1
Added Net: Name=XTAL2
Added Class: Name=LXF1768
Added Room: Name=LXF1768
