Removed Pin From Net: NetName=VDD3.3 Pin=P0-2
Removed Pin From Net: NetName=TRST Pin=P0-3
Removed Pin From Net: NetName=TDI Pin=P0-5
Removed Pin From Net: NetName=DGND Pin=P0-6
Removed Pin From Net: NetName=TMS Pin=P0-7
Removed Pin From Net: NetName=DGND Pin=P0-8
Removed Pin From Net: NetName=TCK Pin=P0-9
Removed Pin From Net: NetName=DGND Pin=P0-10
Removed Pin From Net: NetName=RTCK Pin=P0-11
Removed Pin From Net: NetName=DGND Pin=P0-12
Removed Pin From Net: NetName=TDO Pin=P0-13
Removed Pin From Net: NetName=DGND Pin=P0-14
Removed Pin From Net: NetName=NRST Pin=P0-15
Removed Pin From Net: NetName=DGND Pin=P0-16
Removed Pin From Net: NetName=DGND Pin=P0-18
Removed Pin From Net: NetName=DGND Pin=P0-20
Removed Pin From Net: NetName=TRST Pin=R4-1
Removed Pin From Net: NetName=VDD3.3 Pin=R4-2
Removed Pin From Net: NetName=TDI Pin=R5-1
Removed Pin From Net: NetName=VDD3.3 Pin=R5-2
Removed Pin From Net: NetName=TMS Pin=R6-1
Removed Pin From Net: NetName=VDD3.3 Pin=R6-2
Removed Pin From Net: NetName=RTCK Pin=R7-1
Removed Pin From Net: NetName=VDD3.3 Pin=R7-2
Removed Pin From Net: NetName=TDO Pin=R8-1
Removed Pin From Net: NetName=VDD3.3 Pin=R8-2
Removed Pin From Net: NetName=NRST Pin=R9-1
Removed Pin From Net: NetName=VDD3.3 Pin=R9-2
Removed Pin From Net: NetName=TCK Pin=R10-1
Removed Pin From Net: NetName=DGND Pin=R10-2
Removed Pin From Net: NetName=TMS Pin=U1-3
Removed Pin From Net: NetName=TCK Pin=U1-5
Removed Member From Class: ClassName=LXF1768 Member=R4
Removed Member From Class: ClassName=LXF1768 Member=R5
Removed Member From Class: ClassName=LXF1768 Member=R6
Removed Member From Class: ClassName=LXF1768 Member=R7
Removed Member From Class: ClassName=LXF1768 Member=R8
Removed Member From Class: ClassName=LXF1768 Member=R9
Removed Member From Class: ClassName=LXF1768 Member=R10
Change Component DesignItemId : Designator=P0 Old DesignItemId=Header 10X2 New DesignItemId=Header 4
Change Component Footprint: Designator=P0 Old Footprint=IDC-20IDE New Footprint=HDR1X4
Change Component Comment : Designator=P0 Old Comment=JLINK New Comment=Header 4
Added Pin To Net: NetName=SWDCLK Pin=P0-3
Added Pin To Net: NetName=SWDCLK Pin=U1-5
Added Net: Name=SWDCLK
Added Pin To Net: NetName=SWDIO Pin=P0-2
Added Pin To Net: NetName=SWDIO Pin=U1-3
Added Net: Name=SWDIO
